-------------------------------------------------------------------------------
Test set: net.jambon.rillettes.tpsdisoliviercharrier.Test
-------------------------------------------------------------------------------
Tests run: 1, Failures: 0, Errors: 1, Skipped: 0, Time elapsed: 0.679 s <<< FAILURE! - in net.jambon.rillettes.tpsdisoliviercharrier.Test
net.jambon.rillettes.tpsdisoliviercharrier.Test  Time elapsed: 0.677 s  <<< ERROR!
java.lang.IllegalStateException: Unable to find a @SpringBootConfiguration, you need to use @ContextConfiguration or @SpringBootTest(classes=...) with your test

