-------------------------------------------------------------------------------
Test set: net.jambon.rillettes.tpsdisoliviercharrier.rest.Test
-------------------------------------------------------------------------------
Tests run: 1, Failures: 0, Errors: 1, Skipped: 0, Time elapsed: 2.535 s <<< FAILURE! - in net.jambon.rillettes.tpsdisoliviercharrier.rest.Test
test  Time elapsed: 0.027 s  <<< ERROR!
java.lang.IllegalStateException: Failed to load ApplicationContext
Caused by: java.lang.IllegalStateException: Failed to load property source from location 'classpath:/application.yml'
Caused by: org.yaml.snakeyaml.parser.ParserException: 
while parsing a block mapping
 in 'reader', line 1, column 1:
    logging:
    ^
expected <block end>, but found '<block mapping start>'
 in 'reader', line 14, column 3:
      datasource:
      ^


